2017/05/09 13:20:24 INFO  - jmeter.util.JMeterUtils: Setting Locale to en_US 
2017/05/09 13:20:24 INFO  - jmeter.JMeter: Loading user properties from: C:\apps\MathApp\apache-jmeter\bin\user.properties 
2017/05/09 13:20:24 INFO  - jmeter.JMeter: Loading system properties from: C:\apps\MathApp\apache-jmeter\bin\system.properties 
2017/05/09 13:20:24 INFO  - jmeter.JMeter: Copyright (c) 1998-2013 The Apache Software Foundation 
2017/05/09 13:20:24 INFO  - jmeter.JMeter: Version 2.9 r1437961 
2017/05/09 13:20:24 INFO  - jmeter.JMeter: java.version=1.8.0_40 
2017/05/09 13:20:24 INFO  - jmeter.JMeter: java.vm.name=Java HotSpot(TM) 64-Bit Server VM 
2017/05/09 13:20:24 INFO  - jmeter.JMeter: os.name=Windows Server 2008 R2 
2017/05/09 13:20:24 INFO  - jmeter.JMeter: os.arch=amd64 
2017/05/09 13:20:24 INFO  - jmeter.JMeter: os.version=6.1 
2017/05/09 13:20:24 INFO  - jmeter.JMeter: file.encoding=Cp1252 
2017/05/09 13:20:24 INFO  - jmeter.JMeter: Default Locale=English (United States) 
2017/05/09 13:20:24 INFO  - jmeter.JMeter: JMeter  Locale=English (United States) 
2017/05/09 13:20:24 INFO  - jmeter.JMeter: JMeterHome=C:\apps\MathApp\apache-jmeter 
2017/05/09 13:20:24 INFO  - jmeter.JMeter: user.dir  =C:\apps\MathApp\load-scripts\scripts 
2017/05/09 13:20:24 INFO  - jmeter.JMeter: PWD       =C:\apps\MathApp\load-scripts\scripts 
2017/05/09 13:20:24 INFO  - jmeter.JMeter: IP: 10.130.179.121 Name: win2008r2 FullName: 10.130.179.121 
2017/05/09 13:20:24 INFO  - jmeter.services.FileServer: Default base='C:\apps\MathApp\load-scripts\scripts' 
2017/05/09 13:20:24 INFO  - jmeter.services.FileServer: Set new base='C:\apps\MathApp\load-scripts\scripts' 
2017/05/09 13:20:24 INFO  - jmeter.JMeter: Loading file: mathapp-choke.jmx 
2017/05/09 13:20:24 INFO  - jmeter.save.SaveService: Testplan (JMX) version: 2.2. Testlog (JTL) version: 2.2 
2017/05/09 13:20:24 INFO  - jmeter.save.SaveService: Using SaveService properties file encoding UTF-8 
2017/05/09 13:20:24 INFO  - jmeter.save.SaveService: Using SaveService properties file version 1427507 
2017/05/09 13:20:24 INFO  - jmeter.save.SaveService: Using SaveService properties version 2.4 
2017/05/09 13:20:24 INFO  - jmeter.save.SaveService: All converter versions present and correct 
2017/05/09 13:20:24 INFO  - jmeter.protocol.http.control.CookieManager: Settings: Delete null: true Check: true Allow variable: true Save: false Prefix: COOKIE_ 
2017/05/09 13:20:24 INFO  - jmeter.protocol.http.sampler.HTTPSamplerBase: Cannot find .className property for htmlParser, using default 
2017/05/09 13:20:24 INFO  - jmeter.protocol.http.sampler.HTTPSamplerBase: Parser for text/html is  
2017/05/09 13:20:24 INFO  - jmeter.protocol.http.sampler.HTTPSamplerBase: Parser for application/xhtml+xml is  
2017/05/09 13:20:24 INFO  - jmeter.protocol.http.sampler.HTTPSamplerBase: Parser for application/xml is  
2017/05/09 13:20:24 INFO  - jmeter.protocol.http.sampler.HTTPSamplerBase: Parser for text/xml is  
2017/05/09 13:20:24 INFO  - jmeter.protocol.http.sampler.HTTPSamplerBase: Parser for text/vnd.wap.wml is org.apache.jmeter.protocol.http.parser.RegexpHTMLParser 
2017/05/09 13:20:24 INFO  - jmeter.protocol.http.sampler.HTTPSamplerBase: Reuse SSL session context on subsequent iterations: true 
2017/05/09 13:20:25 INFO  - jmeter.engine.StandardJMeterEngine: Listeners will be started after enabling running version 
2017/05/09 13:20:25 INFO  - jmeter.engine.StandardJMeterEngine: To revert to the earlier behaviour, define jmeterengine.startlistenerslater=false 
2017/05/09 13:20:25 INFO  - jmeter.engine.StandardJMeterEngine: Running the test! 
2017/05/09 13:20:25 INFO  - jmeter.engine.util.CompoundVariable: Note: Function class names must contain the string: '.functions.' 
2017/05/09 13:20:25 INFO  - jmeter.engine.util.CompoundVariable: Note: Function class names must not contain the string: '.gui.' 
2017/05/09 13:20:25 INFO  - jmeter.JMeter: Running test (1494350425245) 
2017/05/09 13:20:25 INFO  - jmeter.engine.StandardJMeterEngine: Starting ThreadGroup: 1 : Simple Thread Group 
2017/05/09 13:20:25 INFO  - jmeter.engine.StandardJMeterEngine: Starting 50 threads for group Simple Thread Group. 
2017/05/09 13:20:25 INFO  - jmeter.engine.StandardJMeterEngine: Thread will continue on error 
2017/05/09 13:20:25 INFO  - jmeter.threads.ThreadGroup: Starting thread group number 1 threads 50 ramp-up 1 perThread 20.0 delayedStart=false 
2017/05/09 13:20:25 INFO  - jmeter.threads.JMeterThread: jmeterthread.startearlier=true (see jmeter.properties) 
2017/05/09 13:20:25 INFO  - jmeter.threads.JMeterThread: Running PostProcessors in forward order 
2017/05/09 13:20:25 INFO  - jmeter.threads.JMeterThread: Thread started: Simple Thread Group 1-1 
2017/05/09 13:20:25 INFO  - jmeter.threads.JMeterThread: Thread started: Simple Thread Group 1-2 
2017/05/09 13:20:25 INFO  - jmeter.protocol.http.sampler.HTTPJavaImpl: Maximum connection retries = 10 
2017/05/09 13:20:25 INFO  - jmeter.samplers.SampleResult: Note: Sample TimeStamps are START times 
2017/05/09 13:20:25 INFO  - jmeter.samplers.SampleResult: sampleresult.default.encoding is set to ISO-8859-1 
2017/05/09 13:20:25 INFO  - jmeter.samplers.SampleResult: sampleresult.useNanoTime=true 
2017/05/09 13:20:25 INFO  - jmeter.samplers.SampleResult: sampleresult.nanoThreadSleep=5000 
2017/05/09 13:20:25 INFO  - jmeter.threads.JMeterThread: Thread started: Simple Thread Group 1-3 
2017/05/09 13:20:25 INFO  - jmeter.threads.JMeterThread: Thread started: Simple Thread Group 1-4 
2017/05/09 13:20:25 INFO  - jmeter.threads.ThreadGroup: Started thread group number 1 
2017/05/09 13:20:25 INFO  - jmeter.engine.StandardJMeterEngine: All thread groups have been started 
2017/05/09 13:20:25 INFO  - jmeter.threads.JMeterThread: Thread started: Simple Thread Group 1-5 
2017/05/09 13:20:25 INFO  - jmeter.threads.JMeterThread: Thread started: Simple Thread Group 1-6 
2017/05/09 13:20:25 INFO  - jmeter.threads.JMeterThread: Thread started: Simple Thread Group 1-7 
2017/05/09 13:20:25 INFO  - jmeter.threads.JMeterThread: Thread started: Simple Thread Group 1-8 
2017/05/09 13:20:25 INFO  - jmeter.threads.JMeterThread: Thread started: Simple Thread Group 1-9 
2017/05/09 13:20:25 INFO  - jmeter.threads.JMeterThread: Thread started: Simple Thread Group 1-10 
2017/05/09 13:20:25 INFO  - jmeter.threads.JMeterThread: Thread started: Simple Thread Group 1-11 
2017/05/09 13:20:25 INFO  - jmeter.threads.JMeterThread: Thread started: Simple Thread Group 1-12 
2017/05/09 13:20:25 INFO  - jmeter.threads.JMeterThread: Thread started: Simple Thread Group 1-13 
2017/05/09 13:20:25 INFO  - jmeter.threads.JMeterThread: Thread started: Simple Thread Group 1-14 
2017/05/09 13:20:25 INFO  - jmeter.threads.JMeterThread: Thread started: Simple Thread Group 1-15 
2017/05/09 13:20:25 INFO  - jmeter.threads.JMeterThread: Thread started: Simple Thread Group 1-16 
2017/05/09 13:20:25 INFO  - jmeter.threads.JMeterThread: Thread started: Simple Thread Group 1-17 
2017/05/09 13:20:25 INFO  - jmeter.threads.JMeterThread: Thread started: Simple Thread Group 1-18 
2017/05/09 13:20:25 INFO  - jmeter.threads.JMeterThread: Thread started: Simple Thread Group 1-19 
2017/05/09 13:20:25 INFO  - jmeter.threads.JMeterThread: Thread started: Simple Thread Group 1-20 
2017/05/09 13:20:25 INFO  - jmeter.threads.JMeterThread: Thread started: Simple Thread Group 1-21 
2017/05/09 13:20:25 INFO  - jmeter.threads.JMeterThread: Thread started: Simple Thread Group 1-22 
2017/05/09 13:20:25 INFO  - jmeter.threads.JMeterThread: Thread started: Simple Thread Group 1-23 
2017/05/09 13:20:25 INFO  - jmeter.threads.JMeterThread: Thread started: Simple Thread Group 1-24 
2017/05/09 13:20:25 INFO  - jmeter.threads.JMeterThread: Thread started: Simple Thread Group 1-25 
2017/05/09 13:20:25 INFO  - jmeter.threads.JMeterThread: Thread started: Simple Thread Group 1-26 
2017/05/09 13:20:25 INFO  - jmeter.threads.JMeterThread: Thread started: Simple Thread Group 1-27 
2017/05/09 13:20:25 INFO  - jmeter.threads.JMeterThread: Thread started: Simple Thread Group 1-28 
2017/05/09 13:20:25 INFO  - jmeter.threads.JMeterThread: Thread started: Simple Thread Group 1-29 
2017/05/09 13:20:25 INFO  - jmeter.threads.JMeterThread: Thread started: Simple Thread Group 1-30 
2017/05/09 13:20:25 INFO  - jmeter.threads.JMeterThread: Thread started: Simple Thread Group 1-31 
2017/05/09 13:20:25 INFO  - jmeter.threads.JMeterThread: Thread started: Simple Thread Group 1-32 
2017/05/09 13:20:26 INFO  - jmeter.threads.JMeterThread: Thread started: Simple Thread Group 1-33 
2017/05/09 13:20:26 INFO  - jmeter.threads.JMeterThread: Thread started: Simple Thread Group 1-34 
2017/05/09 13:20:26 INFO  - jmeter.threads.JMeterThread: Thread started: Simple Thread Group 1-35 
2017/05/09 13:20:26 INFO  - jmeter.threads.JMeterThread: Thread started: Simple Thread Group 1-36 
2017/05/09 13:20:26 INFO  - jmeter.threads.JMeterThread: Thread started: Simple Thread Group 1-37 
2017/05/09 13:20:26 INFO  - jmeter.threads.JMeterThread: Thread started: Simple Thread Group 1-38 
2017/05/09 13:20:26 INFO  - jmeter.threads.JMeterThread: Thread started: Simple Thread Group 1-39 
2017/05/09 13:20:26 INFO  - jmeter.threads.JMeterThread: Thread started: Simple Thread Group 1-40 
2017/05/09 13:20:26 INFO  - jmeter.threads.JMeterThread: Thread started: Simple Thread Group 1-41 
2017/05/09 13:20:26 INFO  - jmeter.threads.JMeterThread: Thread started: Simple Thread Group 1-42 
2017/05/09 13:20:26 INFO  - jmeter.threads.JMeterThread: Thread started: Simple Thread Group 1-43 
2017/05/09 13:20:26 INFO  - jmeter.threads.JMeterThread: Thread started: Simple Thread Group 1-44 
2017/05/09 13:20:26 INFO  - jmeter.threads.JMeterThread: Thread started: Simple Thread Group 1-45 
2017/05/09 13:20:26 INFO  - jmeter.threads.JMeterThread: Thread started: Simple Thread Group 1-46 
2017/05/09 13:20:26 INFO  - jmeter.threads.JMeterThread: Thread started: Simple Thread Group 1-47 
2017/05/09 13:20:26 INFO  - jmeter.threads.JMeterThread: Thread started: Simple Thread Group 1-48 
2017/05/09 13:20:26 INFO  - jmeter.threads.JMeterThread: Thread started: Simple Thread Group 1-49 
2017/05/09 13:20:26 INFO  - jmeter.threads.JMeterThread: Thread started: Simple Thread Group 1-50 
